{
  "RSpec": {
    "coverage": {
      "/Users/tiago/Development/Ruby/cgtrader_levels_2021/lib/cgtrader_levels.rb": {
        "lines": [
          1,
          null,
          1,
          1,
          1,
          null
        ]
      },
      "/Users/tiago/Development/Ruby/cgtrader_levels_2021/lib/cgtrader_levels/models/user.rb": {
        "lines": [
          1,
          1,
          null,
          1,
          1,
          null,
          1,
          null,
          1,
          0,
          0,
          null,
          null,
          null,
          1,
          null,
          1,
          null,
          1,
          0,
          null,
          0,
          0,
          0,
          null,
          null,
          null
        ]
      },
      "/Users/tiago/Development/Ruby/cgtrader_levels_2021/lib/cgtrader_levels/models/level.rb": {
        "lines": [
          1,
          null
        ]
      }
    },
    "timestamp": 1637523556
  }
}
