{
  "RSpec": {
    "coverage": {
      "/Users/tiago/Development/Ruby/cgtrader_levels_2021/lib/cgtrader_levels.rb": {
        "lines": [
          1,
          null,
          1,
          1,
          1,
          null
        ]
      },
      "/Users/tiago/Development/Ruby/cgtrader_levels_2021/lib/cgtrader_levels/models/user.rb": {
        "lines": [
          1,
          1,
          1,
          null,
          1,
          14,
          null,
          14,
          null,
          14,
          12,
          12,
          null,
          null,
          null,
          1,
          null,
          1,
          null,
          1,
          8,
          null,
          8,
          null,
          4,
          null,
          4,
          4,
          null,
          null,
          1,
          4,
          4,
          null,
          null,
          1,
          4,
          null,
          3,
          null,
          null,
          1,
          7,
          null,
          null,
          null,
          null,
          1,
          4,
          null,
          3,
          3,
          null,
          3,
          null,
          null,
          1,
          7,
          null,
          null,
          null,
          null,
          null
        ]
      },
      "/Users/tiago/Development/Ruby/cgtrader_levels_2021/lib/cgtrader_levels/models/level.rb": {
        "lines": [
          1,
          null
        ]
      }
    },
    "timestamp": 1637543334
  }
}
